# JRE version: OpenJDK Runtime Environment Microsoft-8902769 (17.0.10+7) (build 17.0.10+7-LTS)
# Java VM: OpenJDK 64-Bit Server VM Microsoft-8902769 (17.0.10+7-LTS, mixed mode, sharing, tiered, compressed oops, compressed class ptrs, g1 gc, windows-amd64)
GC Precious Log:
 CPUs: 8 total, 8 available
 Memory: 16276M
 Large Page Support: Disabled
 NUMA Support: Disabled
 Compressed Oops: Enabled (Zero based)
 Heap Region Size: 2M
 Heap Min Capacity: 8M
 Heap Initial Capacity: 256M
 Heap Max Capacity: 4070M
 Pre-touch: Disabled
 Parallel Workers: 8
 Concurrent Workers: 2
 Concurrent Refinement Workers: 8
 Periodic GC: Disabled
Heap:
 garbage-first heap   total 102400K, used 56752K [0x0000000701a00000, 0x0000000800000000)
  region size 2048K, 12 young (24576K), 2 survivors (4096K)
 Metaspace       used 84029K, committed 84672K, reserved 1179648K
  class space    used 11397K, committed 11712K, reserved 1048576K
GC Heap History (20 events):
Event: 8.437 GC heap before
{Heap before GC invocations=12 (full 0):
 garbage-first heap   total 55296K, used 40525K [0x0000000701a00000, 0x0000000800000000)
  region size 2048K, 11 young (22528K), 2 survivors (4096K)
 Metaspace       used 37826K, committed 38272K, reserved 1114112K
  class space    used 4858K, committed 5056K, reserved 1048576K
}
Event: 8.441 GC heap after
{Heap after GC invocations=13 (full 0):
 garbage-first heap   total 55296K, used 23249K [0x0000000701a00000, 0x0000000800000000)
  region size 2048K, 2 young (4096K), 2 survivors (4096K)
 Metaspace       used 37826K, committed 38272K, reserved 1114112K
  class space    used 4858K, committed 5056K, reserved 1048576K
}
Event: 8.496 GC heap before
{Heap before GC invocations=13 (full 0):
 garbage-first heap   total 55296K, used 25297K [0x0000000701a00000, 0x0000000800000000)
  region size 2048K, 3 young (6144K), 2 survivors (4096K)
 Metaspace       used 37963K, committed 38464K, reserved 1114112K
  class space    used 4888K, committed 5120K, reserved 1048576K
}
Event: 8.500 GC heap after
{Heap after GC invocations=14 (full 0):
 garbage-first heap   total 55296K, used 22824K [0x0000000701a00000, 0x0000000800000000)
  region size 2048K, 1 young (2048K), 1 survivors (2048K)
 Metaspace       used 37963K, committed 38464K, reserved 1114112K
  class space    used 4888K, committed 5120K, reserved 1048576K
}
Event: 8.836 GC heap before
{Heap before GC invocations=14 (full 0):
 garbage-first heap   total 55296K, used 41256K [0x0000000701a00000, 0x0000000800000000)
  region size 2048K, 10 young (20480K), 1 survivors (2048K)
 Metaspace       used 39427K, committed 39872K, reserved 1114112K
  class space    used 5091K, committed 5312K, reserved 1048576K
}
Event: 8.838 GC heap after
{Heap after GC invocations=15 (full 0):
 garbage-first heap   total 55296K, used 23557K [0x0000000701a00000, 0x0000000800000000)
  region size 2048K, 1 young (2048K), 1 survivors (2048K)
 Metaspace       used 39427K, committed 39872K, reserved 1114112K
  class space    used 5091K, committed 5312K, reserved 1048576K
}
Event: 9.384 GC heap before
{Heap before GC invocations=15 (full 0):
 garbage-first heap   total 55296K, used 41989K [0x0000000701a00000, 0x0000000800000000)
  region size 2048K, 10 young (20480K), 1 survivors (2048K)
 Metaspace       used 43734K, committed 44160K, reserved 1114112K
  class space    used 5746K, committed 5952K, reserved 1048576K
}
Event: 9.388 GC heap after
{Heap after GC invocations=16 (full 0):
 garbage-first heap   total 159744K, used 24528K [0x0000000701a00000, 0x0000000800000000)
  region size 2048K, 2 young (4096K), 2 survivors (4096K)
 Metaspace       used 43734K, committed 44160K, reserved 1114112K
  class space    used 5746K, committed 5952K, reserved 1048576K
}
Event: 10.925 GC heap before
{Heap before GC invocations=16 (full 0):
 garbage-first heap   total 159744K, used 77776K [0x0000000701a00000, 0x0000000800000000)
  region size 2048K, 29 young (59392K), 2 survivors (4096K)
 Metaspace       used 60104K, committed 60608K, reserved 1114112K
  class space    used 7827K, committed 8064K, reserved 1048576K
}
Event: 10.931 GC heap after
{Heap after GC invocations=17 (full 0):
 garbage-first heap   total 159744K, used 28360K [0x0000000701a00000, 0x0000000800000000)
  region size 2048K, 3 young (6144K), 3 survivors (6144K)
 Metaspace       used 60104K, committed 60608K, reserved 1114112K
  class space    used 7827K, committed 8064K, reserved 1048576K
}
Event: 13.648 GC heap before
{Heap before GC invocations=18 (full 0):
 garbage-first heap   total 102400K, used 83656K [0x0000000701a00000, 0x0000000800000000)
  region size 2048K, 30 young (61440K), 3 survivors (6144K)
 Metaspace       used 70478K, committed 71104K, reserved 1114112K
  class space    used 9424K, committed 9728K, reserved 1048576K
}
Event: 13.655 GC heap after
{Heap after GC invocations=19 (full 0):
 garbage-first heap   total 102400K, used 31627K [0x0000000701a00000, 0x0000000800000000)
  region size 2048K, 4 young (8192K), 4 survivors (8192K)
 Metaspace       used 70478K, committed 71104K, reserved 1114112K
  class space    used 9424K, committed 9728K, reserved 1048576K
}
Event: 13.693 GC heap before
{Heap before GC invocations=19 (full 0):
 garbage-first heap   total 102400K, used 33675K [0x0000000701a00000, 0x0000000800000000)
  region size 2048K, 5 young (10240K), 4 survivors (8192K)
 Metaspace       used 70773K, committed 71424K, reserved 1114112K
  class space    used 9471K, committed 9792K, reserved 1048576K
}
Event: 13.698 GC heap after
{Heap after GC invocations=20 (full 0):
 garbage-first heap   total 102400K, used 32040K [0x0000000701a00000, 0x0000000800000000)
  region size 2048K, 1 young (2048K), 1 survivors (2048K)
 Metaspace       used 70773K, committed 71424K, reserved 1114112K
  class space    used 9471K, committed 9792K, reserved 1048576K
}
Event: 14.670 GC heap before
{Heap before GC invocations=20 (full 0):
 garbage-first heap   total 102400K, used 79144K [0x0000000701a00000, 0x0000000800000000)
  region size 2048K, 24 young (49152K), 1 survivors (2048K)
 Metaspace       used 74760K, committed 75328K, reserved 1114112K
  class space    used 10057K, committed 10304K, reserved 1048576K
}
Event: 14.675 GC heap after
{Heap after GC invocations=21 (full 0):
 garbage-first heap   total 102400K, used 34606K [0x0000000701a00000, 0x0000000800000000)
  region size 2048K, 2 young (4096K), 2 survivors (4096K)
 Metaspace       used 74760K, committed 75328K, reserved 1114112K
  class space    used 10057K, committed 10304K, reserved 1048576K
}
Event: 15.486 GC heap before
{Heap before GC invocations=21 (full 0):
 garbage-first heap   total 102400K, used 79662K [0x0000000701a00000, 0x0000000800000000)
  region size 2048K, 24 young (49152K), 2 survivors (4096K)
 Metaspace       used 77300K, committed 77888K, reserved 1179648K
  class space    used 10438K, committed 10688K, reserved 1048576K
}
Event: 15.492 GC heap after
{Heap after GC invocations=22 (full 0):
 garbage-first heap   total 102400K, used 37753K [0x0000000701a00000, 0x0000000800000000)
  region size 2048K, 2 young (4096K), 2 survivors (4096K)
 Metaspace       used 77300K, committed 77888K, reserved 1179648K
  class space    used 10438K, committed 10688K, reserved 1048576K
}
Event: 16.375 GC heap before
{Heap before GC invocations=22 (full 0):
 garbage-first heap   total 102400K, used 80761K [0x0000000701a00000, 0x0000000800000000)
  region size 2048K, 23 young (47104K), 2 survivors (4096K)
 Metaspace       used 80356K, committed 80960K, reserved 1179648K
  class space    used 10900K, committed 11200K, reserved 1048576K
}
Event: 16.380 GC heap after
{Heap after GC invocations=23 (full 0):
 garbage-first heap   total 102400K, used 40368K [0x0000000701a00000, 0x0000000800000000)
  region size 2048K, 2 young (4096K), 2 survivors (4096K)
 Metaspace       used 80356K, committed 80960K, reserved 1179648K
  class space    used 10900K, committed 11200K, reserved 1048576K
}

