# JRE version: OpenJDK Runtime Environment Microsoft-8902769 (17.0.10+7) (build 17.0.10+7-LTS)
# Java VM: OpenJDK 64-Bit Server VM Microsoft-8902769 (17.0.10+7-LTS, mixed mode, sharing, tiered, compressed oops, compressed class ptrs, g1 gc, windows-amd64)
GC Precious Log:
 CPUs: 8 total, 8 available
 Memory: 16276M
 Large Page Support: Disabled
 NUMA Support: Disabled
 Compressed Oops: Enabled (Zero based)
 Heap Region Size: 2M
 Heap Min Capacity: 8M
 Heap Initial Capacity: 256M
 Heap Max Capacity: 4070M
 Pre-touch: Disabled
 Parallel Workers: 8
 Concurrent Workers: 2
 Concurrent Refinement Workers: 8
 Periodic GC: Disabled
Heap:
 garbage-first heap   total 102400K, used 49137K [0x0000000701a00000, 0x0000000800000000)
  region size 2048K, 12 young (24576K), 4 survivors (8192K)
 Metaspace       used 75550K, committed 76096K, reserved 1179648K
  class space    used 10177K, committed 10432K, reserved 1048576K
GC Heap History (20 events):
Event: 6.004 GC heap before
{Heap before GC invocations=7 (full 0):
 garbage-first heap   total 55296K, used 35333K [0x0000000701a00000, 0x0000000800000000)
  region size 2048K, 10 young (20480K), 1 survivors (2048K)
 Metaspace       used 28299K, committed 28608K, reserved 1114112K
  class space    used 3608K, committed 3776K, reserved 1048576K
}
Event: 6.007 GC heap after
{Heap after GC invocations=8 (full 0):
 garbage-first heap   total 55296K, used 17986K [0x0000000701a00000, 0x0000000800000000)
  region size 2048K, 2 young (4096K), 2 survivors (4096K)
 Metaspace       used 28299K, committed 28608K, reserved 1114112K
  class space    used 3608K, committed 3776K, reserved 1048576K
}
Event: 6.622 GC heap before
{Heap before GC invocations=8 (full 0):
 garbage-first heap   total 55296K, used 36418K [0x0000000701a00000, 0x0000000800000000)
  region size 2048K, 11 young (22528K), 2 survivors (4096K)
 Metaspace       used 30494K, committed 30976K, reserved 1114112K
  class space    used 3934K, committed 4160K, reserved 1048576K
}
Event: 6.626 GC heap after
{Heap after GC invocations=9 (full 0):
 garbage-first heap   total 55296K, used 19418K [0x0000000701a00000, 0x0000000800000000)
  region size 2048K, 2 young (4096K), 2 survivors (4096K)
 Metaspace       used 30494K, committed 30976K, reserved 1114112K
  class space    used 3934K, committed 4160K, reserved 1048576K
}
Event: 7.270 GC heap before
{Heap before GC invocations=9 (full 0):
 garbage-first heap   total 55296K, used 35802K [0x0000000701a00000, 0x0000000800000000)
  region size 2048K, 11 young (22528K), 2 survivors (4096K)
 Metaspace       used 34543K, committed 35008K, reserved 1114112K
  class space    used 4442K, committed 4672K, reserved 1048576K
}
Event: 7.273 GC heap after
{Heap after GC invocations=10 (full 0):
 garbage-first heap   total 55296K, used 20857K [0x0000000701a00000, 0x0000000800000000)
  region size 2048K, 2 young (4096K), 2 survivors (4096K)
 Metaspace       used 34543K, committed 35008K, reserved 1114112K
  class space    used 4442K, committed 4672K, reserved 1048576K
}
Event: 7.689 GC heap before
{Heap before GC invocations=10 (full 0):
 garbage-first heap   total 55296K, used 35193K [0x0000000701a00000, 0x0000000800000000)
  region size 2048K, 10 young (20480K), 2 survivors (4096K)
 Metaspace       used 35897K, committed 36288K, reserved 1114112K
  class space    used 4641K, committed 4800K, reserved 1048576K
}
Event: 7.692 GC heap after
{Heap after GC invocations=11 (full 0):
 garbage-first heap   total 55296K, used 22069K [0x0000000701a00000, 0x0000000800000000)
  region size 2048K, 2 young (4096K), 2 survivors (4096K)
 Metaspace       used 35897K, committed 36288K, reserved 1114112K
  class space    used 4641K, committed 4800K, reserved 1048576K
}
Event: 9.159 GC heap before
{Heap before GC invocations=12 (full 0):
 garbage-first heap   total 55296K, used 40501K [0x0000000701a00000, 0x0000000800000000)
  region size 2048K, 11 young (22528K), 2 survivors (4096K)
 Metaspace       used 37757K, committed 38208K, reserved 1114112K
  class space    used 4847K, committed 5056K, reserved 1048576K
}
Event: 9.174 GC heap after
{Heap after GC invocations=13 (full 0):
 garbage-first heap   total 55296K, used 23249K [0x0000000701a00000, 0x0000000800000000)
  region size 2048K, 2 young (4096K), 2 survivors (4096K)
 Metaspace       used 37757K, committed 38208K, reserved 1114112K
  class space    used 4847K, committed 5056K, reserved 1048576K
}
Event: 9.375 GC heap before
{Heap before GC invocations=13 (full 0):
 garbage-first heap   total 55296K, used 25297K [0x0000000701a00000, 0x0000000800000000)
  region size 2048K, 3 young (6144K), 2 survivors (4096K)
 Metaspace       used 37897K, committed 38336K, reserved 1114112K
  class space    used 4877K, committed 5120K, reserved 1048576K
}
Event: 9.390 GC heap after
{Heap after GC invocations=14 (full 0):
 garbage-first heap   total 55296K, used 22983K [0x0000000701a00000, 0x0000000800000000)
  region size 2048K, 1 young (2048K), 1 survivors (2048K)
 Metaspace       used 37897K, committed 38336K, reserved 1114112K
  class space    used 4877K, committed 5120K, reserved 1048576K
}
Event: 10.085 GC heap before
{Heap before GC invocations=14 (full 0):
 garbage-first heap   total 55296K, used 41415K [0x0000000701a00000, 0x0000000800000000)
  region size 2048K, 10 young (20480K), 1 survivors (2048K)
 Metaspace       used 39157K, committed 39680K, reserved 1114112K
  class space    used 5067K, committed 5312K, reserved 1048576K
}
Event: 10.089 GC heap after
{Heap after GC invocations=15 (full 0):
 garbage-first heap   total 159744K, used 23849K [0x0000000701a00000, 0x0000000800000000)
  region size 2048K, 1 young (2048K), 1 survivors (2048K)
 Metaspace       used 39157K, committed 39680K, reserved 1114112K
  class space    used 5067K, committed 5312K, reserved 1048576K
}
Event: 15.590 GC heap before
{Heap before GC invocations=15 (full 0):
 garbage-first heap   total 159744K, used 99625K [0x0000000701a00000, 0x0000000800000000)
  region size 2048K, 39 young (79872K), 1 survivors (2048K)
 Metaspace       used 60425K, committed 60928K, reserved 1114112K
  class space    used 7904K, committed 8128K, reserved 1048576K
}
Event: 15.595 GC heap after
{Heap after GC invocations=16 (full 0):
 garbage-first heap   total 159744K, used 28631K [0x0000000701a00000, 0x0000000800000000)
  region size 2048K, 3 young (6144K), 3 survivors (6144K)
 Metaspace       used 60425K, committed 60928K, reserved 1114112K
  class space    used 7904K, committed 8128K, reserved 1048576K
}
Event: 17.384 GC heap before
{Heap before GC invocations=17 (full 0):
 garbage-first heap   total 102400K, used 83927K [0x0000000701a00000, 0x0000000800000000)
  region size 2048K, 30 young (61440K), 3 survivors (6144K)
 Metaspace       used 70735K, committed 71296K, reserved 1114112K
  class space    used 9451K, committed 9728K, reserved 1048576K
}
Event: 17.391 GC heap after
{Heap after GC invocations=18 (full 0):
 garbage-first heap   total 102400K, used 31789K [0x0000000701a00000, 0x0000000800000000)
  region size 2048K, 2 young (4096K), 2 survivors (4096K)
 Metaspace       used 70735K, committed 71296K, reserved 1114112K
  class space    used 9451K, committed 9728K, reserved 1048576K
}
Event: 20.683 GC heap before
{Heap before GC invocations=18 (full 0):
 garbage-first heap   total 102400K, used 78893K [0x0000000701a00000, 0x0000000800000000)
  region size 2048K, 25 young (51200K), 2 survivors (4096K)
 Metaspace       used 74967K, committed 75520K, reserved 1114112K
  class space    used 10077K, committed 10368K, reserved 1048576K
}
Event: 20.689 GC heap after
{Heap after GC invocations=19 (full 0):
 garbage-first heap   total 102400K, used 34801K [0x0000000701a00000, 0x0000000800000000)
  region size 2048K, 4 young (8192K), 4 survivors (8192K)
 Metaspace       used 74967K, committed 75520K, reserved 1114112K
  class space    used 10077K, committed 10368K, reserved 1048576K
}

